# JRE version: Java(TM) SE Runtime Environment (8.0_91-b14) (build 1.8.0_91-b14)
# Java VM: Java HotSpot(TM) 64-Bit Server VM (25.91-b14 mixed mode windows-amd64 compressed oops)
Heap:
 PSYoungGen      total 353280K, used 278404K [0x00000000d5f00000, 0x00000000ef880000, 0x0000000100000000)
  eden space 334848K, 78% used [0x00000000d5f00000,0x00000000e5f808a0,0x00000000ea600000)
  from space 18432K, 85% used [0x00000000ea600000,0x00000000eb560790,0x00000000eb800000)
  to   space 19968K, 0% used [0x00000000ee500000,0x00000000ee500000,0x00000000ef880000)
 ParOldGen       total 139264K, used 42294K [0x0000000081c00000, 0x000000008a400000, 0x00000000d5f00000)
  object space 139264K, 30% used [0x0000000081c00000,0x000000008454dbf0,0x000000008a400000)
 Metaspace       used 67023K, capacity 68456K, committed 68568K, reserved 1110016K
  class space    used 7822K, capacity 8096K, committed 8192K, reserved 1048576K
GC Heap History (10 events):
Event: 24.996 GC heap before
{Heap before GC invocations=20 (full 2):
 PSYoungGen      total 264704K, used 262280K [0x00000000d5f00000, 0x00000000e9b80000, 0x0000000100000000)
  eden space 249344K, 100% used [0x00000000d5f00000,0x00000000e5280000,0x00000000e5280000)
  from space 15360K, 84% used [0x00000000e5280000,0x00000000e5f22028,0x00000000e6180000)
  to   space 16384K, 0% used [0x00000000e8b80000,0x00000000e8b80000,0x00000000e9b80000)
 ParOldGen       total 89088K, used 35328K [0x0000000081c00000, 0x0000000087300000, 0x00000000d5f00000)
  object space 89088K, 39% used [0x0000000081c00000,0x0000000083e80390,0x0000000087300000)
 Metaspace       used 53195K, capacity 53988K, committed 54232K, reserved 1097728K
  class space    used 6462K, capacity 6635K, committed 6656K, reserved 1048576K
Event: 25.038 GC heap after
Heap after GC invocations=20 (full 2):
 PSYoungGen      total 305152K, used 16380K [0x00000000d5f00000, 0x00000000ea400000, 0x0000000100000000)
  eden space 288768K, 0% used [0x00000000d5f00000,0x00000000d5f00000,0x00000000e7900000)
  from space 16384K, 99% used [0x00000000e8b80000,0x00000000e9b7f2c8,0x00000000e9b80000)
  to   space 18944K, 0% used [0x00000000e7900000,0x00000000e7900000,0x00000000e8b80000)
 ParOldGen       total 89088K, used 35532K [0x0000000081c00000, 0x0000000087300000, 0x00000000d5f00000)
  object space 89088K, 39% used [0x0000000081c00000,0x0000000083eb3138,0x0000000087300000)
 Metaspace       used 53195K, capacity 53988K, committed 54232K, reserved 1097728K
  class space    used 6462K, capacity 6635K, committed 6656K, reserved 1048576K
}
Event: 95.751 GC heap before
{Heap before GC invocations=21 (full 2):
 PSYoungGen      total 305152K, used 167483K [0x00000000d5f00000, 0x00000000ea400000, 0x0000000100000000)
  eden space 288768K, 52% used [0x00000000d5f00000,0x00000000df28fca8,0x00000000e7900000)
  from space 16384K, 99% used [0x00000000e8b80000,0x00000000e9b7f2c8,0x00000000e9b80000)
  to   space 18944K, 0% used [0x00000000e7900000,0x00000000e7900000,0x00000000e8b80000)
 ParOldGen       total 89088K, used 35532K [0x0000000081c00000, 0x0000000087300000, 0x00000000d5f00000)
  object space 89088K, 39% used [0x0000000081c00000,0x0000000083eb3138,0x0000000087300000)
 Metaspace       used 57972K, capacity 58788K, committed 59028K, reserved 1101824K
  class space    used 6903K, capacity 7095K, committed 7168K, reserved 1048576K
Event: 95.777 GC heap after
Heap after GC invocations=21 (full 2):
 PSYoungGen      total 307712K, used 13021K [0x00000000d5f00000, 0x00000000ecb00000, 0x0000000100000000)
  eden space 288768K, 0% used [0x00000000d5f00000,0x00000000d5f00000,0x00000000e7900000)
  from space 18944K, 68% used [0x00000000e7900000,0x00000000e85b7478,0x00000000e8b80000)
  to   space 19456K, 0% used [0x00000000eb800000,0x00000000eb800000,0x00000000ecb00000)
 ParOldGen       total 89088K, used 41825K [0x0000000081c00000, 0x0000000087300000, 0x00000000d5f00000)
  object space 89088K, 46% used [0x0000000081c00000,0x00000000844d86f8,0x0000000087300000)
 Metaspace       used 57972K, capacity 58788K, committed 59028K, reserved 1101824K
  class space    used 6903K, capacity 7095K, committed 7168K, reserved 1048576K
}
Event: 95.777 GC heap before
{Heap before GC invocations=22 (full 3):
 PSYoungGen      total 307712K, used 13021K [0x00000000d5f00000, 0x00000000ecb00000, 0x0000000100000000)
  eden space 288768K, 0% used [0x00000000d5f00000,0x00000000d5f00000,0x00000000e7900000)
  from space 18944K, 68% used [0x00000000e7900000,0x00000000e85b7478,0x00000000e8b80000)
  to   space 19456K, 0% used [0x00000000eb800000,0x00000000eb800000,0x00000000ecb00000)
 ParOldGen       total 89088K, used 41825K [0x0000000081c00000, 0x0000000087300000, 0x00000000d5f00000)
  object space 89088K, 46% used [0x0000000081c00000,0x00000000844d86f8,0x0000000087300000)
 Metaspace       used 57972K, capacity 58788K, committed 59028K, reserved 1101824K
  class space    used 6903K, capacity 7095K, committed 7168K, reserved 1048576K
Event: 96.051 GC heap after
Heap after GC invocations=22 (full 3):
 PSYoungGen      total 307712K, used 0K [0x00000000d5f00000, 0x00000000ecb00000, 0x0000000100000000)
  eden space 288768K, 0% used [0x00000000d5f00000,0x00000000d5f00000,0x00000000e7900000)
  from space 18944K, 0% used [0x00000000e7900000,0x00000000e7900000,0x00000000e8b80000)
  to   space 19456K, 0% used [0x00000000eb800000,0x00000000eb800000,0x00000000ecb00000)
 ParOldGen       total 139264K, used 42243K [0x0000000081c00000, 0x000000008a400000, 0x00000000d5f00000)
  object space 139264K, 30% used [0x0000000081c00000,0x0000000084540f90,0x000000008a400000)
 Metaspace       used 57957K, capacity 58764K, committed 59028K, reserved 1101824K
  class space    used 6901K, capacity 7091K, committed 7168K, reserved 1048576K
}
Event: 148.256 GC heap before
{Heap before GC invocations=23 (full 3):
 PSYoungGen      total 307712K, used 288768K [0x00000000d5f00000, 0x00000000ecb00000, 0x0000000100000000)
  eden space 288768K, 100% used [0x00000000d5f00000,0x00000000e7900000,0x00000000e7900000)
  from space 18944K, 0% used [0x00000000e7900000,0x00000000e7900000,0x00000000e8b80000)
  to   space 19456K, 0% used [0x00000000eb800000,0x00000000eb800000,0x00000000ecb00000)
 ParOldGen       total 139264K, used 42243K [0x0000000081c00000, 0x000000008a400000, 0x00000000d5f00000)
  object space 139264K, 30% used [0x0000000081c00000,0x0000000084540f90,0x000000008a400000)
 Metaspace       used 63520K, capacity 64590K, committed 64728K, reserved 1105920K
  class space    used 7440K, capacity 7678K, committed 7680K, reserved 1048576K
Event: 148.268 GC heap after
Heap after GC invocations=23 (full 3):
 PSYoungGen      total 353280K, used 8868K [0x00000000d5f00000, 0x00000000eca00000, 0x0000000100000000)
  eden space 334848K, 0% used [0x00000000d5f00000,0x00000000d5f00000,0x00000000ea600000)
  from space 18432K, 48% used [0x00000000eb800000,0x00000000ec0a93b0,0x00000000eca00000)
  to   space 18432K, 0% used [0x00000000ea600000,0x00000000ea600000,0x00000000eb800000)
 ParOldGen       total 139264K, used 42286K [0x0000000081c00000, 0x000000008a400000, 0x00000000d5f00000)
  object space 139264K, 30% used [0x0000000081c00000,0x000000008454bbf0,0x000000008a400000)
 Metaspace       used 63520K, capacity 64590K, committed 64728K, reserved 1105920K
  class space    used 7440K, capacity 7678K, committed 7680K, reserved 1048576K
}
Event: 506.063 GC heap before
{Heap before GC invocations=24 (full 3):
 PSYoungGen      total 353280K, used 343716K [0x00000000d5f00000, 0x00000000eca00000, 0x0000000100000000)
  eden space 334848K, 100% used [0x00000000d5f00000,0x00000000ea600000,0x00000000ea600000)
  from space 18432K, 48% used [0x00000000eb800000,0x00000000ec0a93b0,0x00000000eca00000)
  to   space 18432K, 0% used [0x00000000ea600000,0x00000000ea600000,0x00000000eb800000)
 ParOldGen       total 139264K, used 42286K [0x0000000081c00000, 0x000000008a400000, 0x00000000d5f00000)
  object space 139264K, 30% used [0x0000000081c00000,0x000000008454bbf0,0x000000008a400000)
 Metaspace       used 66760K, capacity 68096K, committed 68312K, reserved 1110016K
  class space    used 7800K, capacity 8068K, committed 8192K, reserved 1048576K
Event: 506.084 GC heap after
Heap after GC invocations=24 (full 3):
 PSYoungGen      total 353280K, used 15745K [0x00000000d5f00000, 0x00000000ef880000, 0x0000000100000000)
  eden space 334848K, 0% used [0x00000000d5f00000,0x00000000d5f00000,0x00000000ea600000)
  from space 18432K, 85% used [0x00000000ea600000,0x00000000eb560790,0x00000000eb800000)
  to   space 19968K, 0% used [0x00000000ee500000,0x00000000ee500000,0x00000000ef880000)
 ParOldGen       total 139264K, used 42294K [0x0000000081c00000, 0x000000008a400000, 0x00000000d5f00000)
  object space 139264K, 30% used [0x0000000081c00000,0x000000008454dbf0,0x000000008a400000)
 Metaspace       used 66760K, capacity 68096K, committed 68312K, reserved 1110016K
  class space    used 7800K, capacity 8068K, committed 8192K, reserved 1048576K
}

